2017-02-24 18:12:50.145+0000 WARN  [o.n.i.p.PageCache] The dbms.memory.pagecache.size setting has not been configured. It is recommended that this setting is always explicitly configured, to ensure the system has a balanced configuration. Until then, a computed heuristic value of 3340500992 bytes will be used instead. 
2017-02-24 18:12:50.191+0000 INFO  [o.n.k.i.f.CommunityEditionModule] No locking implementation specified, defaulting to 'community'
2017-02-24 18:12:50.202+0000 INFO  [o.n.k.AvailabilityGuard] Requirement makes database unavailable: Database available
2017-02-24 18:12:50.202+0000 INFO  [o.n.k.i.DiagnosticsManager] --- INITIALIZED diagnostics START ---
2017-02-24 18:12:50.202+0000 INFO  [o.n.k.i.DiagnosticsManager] Neo4j Kernel properties:
2017-02-24 18:12:50.202+0000 INFO  [o.n.k.i.DiagnosticsManager] dbms.connector.http.enabled=true
2017-02-24 18:12:50.202+0000 INFO  [o.n.k.i.DiagnosticsManager] dbms.security.auth_enabled=true
2017-02-24 18:12:50.202+0000 INFO  [o.n.k.i.DiagnosticsManager] dbms.logs.http.enabled=false
2017-02-24 18:12:50.202+0000 INFO  [o.n.k.i.DiagnosticsManager] unsupported.dbms.directories.neo4j_home=/Users/college/gitProjects/Graph-Theory/Project/GMIT-Neo4j-GraphDB
2017-02-24 18:12:50.202+0000 INFO  [o.n.k.i.DiagnosticsManager] dbms.directories.import=import
2017-02-24 18:12:50.202+0000 INFO  [o.n.k.i.DiagnosticsManager] unsupported.dbms.edition=community
2017-02-24 18:12:50.202+0000 INFO  [o.n.k.i.DiagnosticsManager] dbms.connector.bolt.enabled=true
2017-02-24 18:12:50.202+0000 INFO  [o.n.k.i.DiagnosticsManager] dbms.connector.https.enabled=true
2017-02-24 18:12:50.202+0000 INFO  [o.n.k.i.DiagnosticsManager] unsupported.dbms.directories.database=/Users/college/gitProjects/Graph-Theory/Project/GMIT-Neo4j-GraphDB
2017-02-24 18:12:50.202+0000 INFO  [o.n.k.i.DiagnosticsManager] Diagnostics providers:
2017-02-24 18:12:50.202+0000 INFO  [o.n.k.i.DiagnosticsManager] org.neo4j.kernel.configuration.Config
2017-02-24 18:12:50.202+0000 INFO  [o.n.k.i.DiagnosticsManager] org.neo4j.kernel.info.DiagnosticsManager
2017-02-24 18:12:50.202+0000 INFO  [o.n.k.i.DiagnosticsManager] SYSTEM_MEMORY
2017-02-24 18:12:50.202+0000 INFO  [o.n.k.i.DiagnosticsManager] JAVA_MEMORY
2017-02-24 18:12:50.202+0000 INFO  [o.n.k.i.DiagnosticsManager] OPERATING_SYSTEM
2017-02-24 18:12:50.202+0000 INFO  [o.n.k.i.DiagnosticsManager] JAVA_VIRTUAL_MACHINE
2017-02-24 18:12:50.203+0000 INFO  [o.n.k.i.DiagnosticsManager] CLASSPATH
2017-02-24 18:12:50.203+0000 INFO  [o.n.k.i.DiagnosticsManager] LIBRARY_PATH
2017-02-24 18:12:50.203+0000 INFO  [o.n.k.i.DiagnosticsManager] SYSTEM_PROPERTIES
2017-02-24 18:12:50.203+0000 INFO  [o.n.k.i.DiagnosticsManager] NETWORK
2017-02-24 18:12:50.203+0000 INFO  [o.n.k.i.DiagnosticsManager] System memory information:
2017-02-24 18:12:50.203+0000 INFO  [o.n.k.i.DiagnosticsManager] Total Physical memory: 8.00 GB
2017-02-24 18:12:50.203+0000 INFO  [o.n.k.i.DiagnosticsManager] Free Physical memory: 207.82 MB
2017-02-24 18:12:50.203+0000 INFO  [o.n.k.i.DiagnosticsManager] Committed virtual memory: 7.08 GB
2017-02-24 18:12:50.204+0000 INFO  [o.n.k.i.DiagnosticsManager] Total swap space: 1.00 GB
2017-02-24 18:12:50.204+0000 INFO  [o.n.k.i.DiagnosticsManager] Free swap space: 785.75 MB
2017-02-24 18:12:50.204+0000 INFO  [o.n.k.i.DiagnosticsManager] JVM memory information:
2017-02-24 18:12:50.204+0000 INFO  [o.n.k.i.DiagnosticsManager] Free  memory: 201.90 MB
2017-02-24 18:12:50.204+0000 INFO  [o.n.k.i.DiagnosticsManager] Total memory: 343.50 MB
2017-02-24 18:12:50.204+0000 INFO  [o.n.k.i.DiagnosticsManager] Max   memory: 1.78 GB
2017-02-24 18:12:50.204+0000 INFO  [o.n.k.i.DiagnosticsManager] Garbage Collector: PS Scavenge: [PS Eden Space, PS Survivor Space]
2017-02-24 18:12:50.204+0000 INFO  [o.n.k.i.DiagnosticsManager] Garbage Collector: PS MarkSweep: [PS Eden Space, PS Survivor Space, PS Old Gen]
2017-02-24 18:12:50.204+0000 INFO  [o.n.k.i.DiagnosticsManager] Memory Pool: Code Cache (Non-heap memory): committed=15.94 MB, used=15.83 MB, max=240.00 MB, threshold=0.00 B
2017-02-24 18:12:50.205+0000 INFO  [o.n.k.i.DiagnosticsManager] Memory Pool: Metaspace (Non-heap memory): committed=69.21 MB, used=67.60 MB, max=-1.00 B, threshold=0.00 B
2017-02-24 18:12:50.205+0000 INFO  [o.n.k.i.DiagnosticsManager] Memory Pool: Compressed Class Space (Non-heap memory): committed=11.00 MB, used=10.60 MB, max=1.00 GB, threshold=0.00 B
2017-02-24 18:12:50.205+0000 INFO  [o.n.k.i.DiagnosticsManager] Memory Pool: PS Eden Space (Heap memory): committed=166.00 MB, used=96.22 MB, max=636.00 MB, threshold=?
2017-02-24 18:12:50.205+0000 INFO  [o.n.k.i.DiagnosticsManager] Memory Pool: PS Survivor Space (Heap memory): committed=21.00 MB, used=4.16 MB, max=21.00 MB, threshold=?
2017-02-24 18:12:50.205+0000 INFO  [o.n.k.i.DiagnosticsManager] Memory Pool: PS Old Gen (Heap memory): committed=156.50 MB, used=41.23 MB, max=1.33 GB, threshold=0.00 B
2017-02-24 18:12:50.205+0000 INFO  [o.n.k.i.DiagnosticsManager] Operating system information:
2017-02-24 18:12:50.205+0000 INFO  [o.n.k.i.DiagnosticsManager] Operating System: Mac OS X; version: 10.12.3; arch: x86_64; cpus: 4
2017-02-24 18:12:50.205+0000 INFO  [o.n.k.i.DiagnosticsManager] Max number of file descriptors: 10240
2017-02-24 18:12:50.205+0000 INFO  [o.n.k.i.DiagnosticsManager] Number of open file descriptors: 54
2017-02-24 18:12:50.207+0000 INFO  [o.n.k.i.DiagnosticsManager] Process id: 9113@MacBook-Pro.local
2017-02-24 18:12:50.207+0000 INFO  [o.n.k.i.DiagnosticsManager] Byte order: LITTLE_ENDIAN
2017-02-24 18:12:50.207+0000 INFO  [o.n.k.i.DiagnosticsManager] Local timezone: Europe/Dublin
2017-02-24 18:12:50.207+0000 INFO  [o.n.k.i.DiagnosticsManager] JVM information:
2017-02-24 18:12:50.207+0000 INFO  [o.n.k.i.DiagnosticsManager] VM Name: Java HotSpot(TM) 64-Bit Server VM
2017-02-24 18:12:50.207+0000 INFO  [o.n.k.i.DiagnosticsManager] VM Vendor: Oracle Corporation
2017-02-24 18:12:50.207+0000 INFO  [o.n.k.i.DiagnosticsManager] VM Version: 25.60-b23
2017-02-24 18:12:50.207+0000 INFO  [o.n.k.i.DiagnosticsManager] JIT compiler: HotSpot 64-Bit Tiered Compilers
2017-02-24 18:12:50.207+0000 INFO  [o.n.k.i.DiagnosticsManager] VM Arguments: [-Dfile.encoding=UTF-8, -Dinstall4j.launcherId=24, -Dinstall4j.swt=false, -Dexe4j.moduleName=/Applications/Neo4j Community Edition 3.1.1.app, -Di4j.ownBundlePath=/Applications/Neo4j Community Edition 3.1.1.app, -Di4j.jreBundle=/Applications/Neo4j Community Edition 3.1.1.app/Contents/Resources/jre.bundle]
2017-02-24 18:12:50.207+0000 INFO  [o.n.k.i.DiagnosticsManager] Java classpath:
2017-02-24 18:12:50.209+0000 INFO  [o.n.k.i.DiagnosticsManager]  [bootstrap] /Applications/Neo4j Community Edition 3.1.1.app/Contents/Resources/jre.bundle/Contents/Home/jre/lib/jsse.jar
2017-02-24 18:12:50.209+0000 INFO  [o.n.k.i.DiagnosticsManager]  [loader.1] file:/System/Library/Java/Extensions/mlibwrapper_jai.jar
2017-02-24 18:12:50.209+0000 INFO  [o.n.k.i.DiagnosticsManager]  [bootstrap] /Applications/Neo4j Community Edition 3.1.1.app/Contents/Resources/jre.bundle/Contents/Home/jre/lib/resources.jar
2017-02-24 18:12:50.209+0000 INFO  [o.n.k.i.DiagnosticsManager]  [bootstrap] /Applications/Neo4j Community Edition 3.1.1.app/Contents/Resources/jre.bundle/Contents/Home/jre/lib/jfr.jar
2017-02-24 18:12:50.209+0000 INFO  [o.n.k.i.DiagnosticsManager]  [loader.1] file:/Applications/Neo4j%20Community%20Edition%203.1.1.app/Contents/Resources/jre.bundle/Contents/Home/jre/lib/ext/dnsns.jar
2017-02-24 18:12:50.209+0000 INFO  [o.n.k.i.DiagnosticsManager]  [loader.1] file:/System/Library/Java/Extensions/libJ3DUtils.jnilib
2017-02-24 18:12:50.209+0000 INFO  [o.n.k.i.DiagnosticsManager]  [loader.1] file:/System/Library/Java/Extensions/j3daudio.jar
2017-02-24 18:12:50.209+0000 INFO  [o.n.k.i.DiagnosticsManager]  [loader.1] file:/System/Library/Java/Extensions/AppleScriptEngine.jar
2017-02-24 18:12:50.209+0000 INFO  [o.n.k.i.DiagnosticsManager]  [loader.1] file:/System/Library/Java/Extensions/j3dutils.jar
2017-02-24 18:12:50.209+0000 INFO  [o.n.k.i.DiagnosticsManager]  [loader.1] file:/System/Library/Java/Extensions/jai_codec.jar
2017-02-24 18:12:50.209+0000 INFO  [o.n.k.i.DiagnosticsManager]  [bootstrap] /Applications/Neo4j Community Edition 3.1.1.app/Contents/Resources/jre.bundle/Contents/Home/jre/classes
2017-02-24 18:12:50.209+0000 INFO  [o.n.k.i.DiagnosticsManager]  [classpath] /Applications/Neo4j Community Edition 3.1.1.app/Contents/Resources/app/.install4j/i4jruntime.jar
2017-02-24 18:12:50.209+0000 INFO  [o.n.k.i.DiagnosticsManager]  [loader.0] file:/Applications/Neo4j%20Community%20Edition%203.1.1.app/Contents/Resources/app/.install4j/i4jruntime.jar
2017-02-24 18:12:50.209+0000 INFO  [o.n.k.i.DiagnosticsManager]  [loader.1] file:/System/Library/Java/Extensions/vecmath.jar
2017-02-24 18:12:50.209+0000 INFO  [o.n.k.i.DiagnosticsManager]  [loader.1] file:/Applications/Neo4j%20Community%20Edition%203.1.1.app/Contents/Resources/jre.bundle/Contents/Home/jre/lib/ext/localedata.jar
2017-02-24 18:12:50.209+0000 INFO  [o.n.k.i.DiagnosticsManager]  [loader.1] file:/Applications/Neo4j%20Community%20Edition%203.1.1.app/Contents/Resources/jre.bundle/Contents/Home/jre/lib/ext/nashorn.jar
2017-02-24 18:12:50.209+0000 INFO  [o.n.k.i.DiagnosticsManager]  [classpath] /Applications/Neo4j Community Edition 3.1.1.app/Contents/Resources/app/bin/neo4j-desktop-3.1.1.jar
2017-02-24 18:12:50.209+0000 INFO  [o.n.k.i.DiagnosticsManager]  [loader.1] file:/System/Library/Java/Extensions/libJ3D.jnilib
2017-02-24 18:12:50.209+0000 INFO  [o.n.k.i.DiagnosticsManager]  [loader.1] file:/usr/lib/java/libjdns_sd.jnilib
2017-02-24 18:12:50.209+0000 INFO  [o.n.k.i.DiagnosticsManager]  [loader.1] file:/Applications/Neo4j%20Community%20Edition%203.1.1.app/Contents/Resources/jre.bundle/Contents/Home/jre/lib/ext/sunjce_provider.jar
2017-02-24 18:12:50.209+0000 INFO  [o.n.k.i.DiagnosticsManager]  [loader.1] file:/System/Library/Java/Extensions/libmlib_jai.jnilib
2017-02-24 18:12:50.209+0000 INFO  [o.n.k.i.DiagnosticsManager]  [bootstrap] /Applications/Neo4j Community Edition 3.1.1.app/Contents/Resources/jre.bundle/Contents/Home/jre/lib/sunrsasign.jar
2017-02-24 18:12:50.209+0000 INFO  [o.n.k.i.DiagnosticsManager]  [loader.1] file:/Applications/Neo4j%20Community%20Edition%203.1.1.app/Contents/Resources/jre.bundle/Contents/Home/jre/lib/ext/zipfs.jar
2017-02-24 18:12:50.209+0000 INFO  [o.n.k.i.DiagnosticsManager]  [loader.1] file:/Applications/Neo4j%20Community%20Edition%203.1.1.app/Contents/Resources/jre.bundle/Contents/Home/jre/lib/ext/jfxrt.jar
2017-02-24 18:12:50.209+0000 INFO  [o.n.k.i.DiagnosticsManager]  [bootstrap] /Applications/Neo4j Community Edition 3.1.1.app/Contents/Resources/jre.bundle/Contents/Home/jre/lib/jce.jar
2017-02-24 18:12:50.209+0000 INFO  [o.n.k.i.DiagnosticsManager]  [bootstrap] /Applications/Neo4j Community Edition 3.1.1.app/Contents/Resources/jre.bundle/Contents/Home/jre/lib/charsets.jar
2017-02-24 18:12:50.209+0000 INFO  [o.n.k.i.DiagnosticsManager]  [loader.0] file:/Applications/Neo4j%20Community%20Edition%203.1.1.app/Contents/Resources/app/bin/neo4j-desktop-3.1.1.jar
2017-02-24 18:12:50.209+0000 INFO  [o.n.k.i.DiagnosticsManager]  [loader.1] file:/System/Library/Java/Extensions/libJ3DAudio.jnilib
2017-02-24 18:12:50.209+0000 INFO  [o.n.k.i.DiagnosticsManager]  [loader.1] file:/Applications/Neo4j%20Community%20Edition%203.1.1.app/Contents/Resources/jre.bundle/Contents/Home/jre/lib/ext/sunpkcs11.jar
2017-02-24 18:12:50.209+0000 INFO  [o.n.k.i.DiagnosticsManager]  [loader.1] file:/System/Library/Java/Extensions/libAppleScriptEngine.jnilib
2017-02-24 18:12:50.209+0000 INFO  [o.n.k.i.DiagnosticsManager]  [loader.1] file:/Applications/Neo4j%20Community%20Edition%203.1.1.app/Contents/Resources/jre.bundle/Contents/Home/jre/lib/ext/sunec.jar
2017-02-24 18:12:50.209+0000 INFO  [o.n.k.i.DiagnosticsManager]  [loader.1] file:/Applications/Neo4j%20Community%20Edition%203.1.1.app/Contents/Resources/jre.bundle/Contents/Home/jre/lib/ext/cldrdata.jar
2017-02-24 18:12:50.209+0000 INFO  [o.n.k.i.DiagnosticsManager]  [loader.1] file:/Applications/Neo4j%20Community%20Edition%203.1.1.app/Contents/Resources/jre.bundle/Contents/Home/jre/lib/ext/jaccess.jar
2017-02-24 18:12:50.209+0000 INFO  [o.n.k.i.DiagnosticsManager]  [loader.1] file:/System/Library/Java/Extensions/dns_sd.jar
2017-02-24 18:12:50.209+0000 INFO  [o.n.k.i.DiagnosticsManager]  [loader.1] file:/System/Library/Java/Extensions/j3dcore.jar
2017-02-24 18:12:50.209+0000 INFO  [o.n.k.i.DiagnosticsManager]  [loader.1] file:/System/Library/Java/Extensions/MRJToolkit.jar
2017-02-24 18:12:50.209+0000 INFO  [o.n.k.i.DiagnosticsManager]  [bootstrap] /Applications/Neo4j Community Edition 3.1.1.app/Contents/Resources/jre.bundle/Contents/Home/jre/lib/rt.jar
2017-02-24 18:12:50.209+0000 INFO  [o.n.k.i.DiagnosticsManager]  [loader.1] file:/System/Library/Java/Extensions/jai_core.jar
2017-02-24 18:12:50.209+0000 INFO  [o.n.k.i.DiagnosticsManager] Library path:
2017-02-24 18:12:50.210+0000 INFO  [o.n.k.i.DiagnosticsManager] /Users/college/Library/Java/Extensions
2017-02-24 18:12:50.210+0000 INFO  [o.n.k.i.DiagnosticsManager] /Library/Java/Extensions
2017-02-24 18:12:50.210+0000 INFO  [o.n.k.i.DiagnosticsManager] /Network/Library/Java/Extensions
2017-02-24 18:12:50.210+0000 INFO  [o.n.k.i.DiagnosticsManager] /System/Library/Java/Extensions
2017-02-24 18:12:50.210+0000 INFO  [o.n.k.i.DiagnosticsManager] /usr/lib/java
2017-02-24 18:12:50.210+0000 INFO  [o.n.k.i.DiagnosticsManager] /Applications/Neo4j Community Edition 3.1.1.app/Contents/Resources/app/bin
2017-02-24 18:12:50.210+0000 INFO  [o.n.k.i.DiagnosticsManager] System.properties:
2017-02-24 18:12:50.210+0000 INFO  [o.n.k.i.DiagnosticsManager] exe4j.moduleName = /Applications/Neo4j Community Edition 3.1.1.app
2017-02-24 18:12:50.210+0000 INFO  [o.n.k.i.DiagnosticsManager] sun.boot.library.path = /Applications/Neo4j Community Edition 3.1.1.app/Contents/Resources/jre.bundle/Contents/Home/jre/lib
2017-02-24 18:12:50.210+0000 INFO  [o.n.k.i.DiagnosticsManager] i4j.jreBundle = /Applications/Neo4j Community Edition 3.1.1.app/Contents/Resources/jre.bundle
2017-02-24 18:12:50.210+0000 INFO  [o.n.k.i.DiagnosticsManager] gopherProxySet = false
2017-02-24 18:12:50.210+0000 INFO  [o.n.k.i.DiagnosticsManager] path.separator = :
2017-02-24 18:12:50.210+0000 INFO  [o.n.k.i.DiagnosticsManager] file.encoding.pkg = sun.io
2017-02-24 18:12:50.210+0000 INFO  [o.n.k.i.DiagnosticsManager] user.country = IE
2017-02-24 18:12:50.210+0000 INFO  [o.n.k.i.DiagnosticsManager] sun.java.launcher = SUN_STANDARD
2017-02-24 18:12:50.210+0000 INFO  [o.n.k.i.DiagnosticsManager] sun.os.patch.level = unknown
2017-02-24 18:12:50.210+0000 INFO  [o.n.k.i.DiagnosticsManager] install4j.exeDir = /Applications/
2017-02-24 18:12:50.210+0000 INFO  [o.n.k.i.DiagnosticsManager] user.dir = /Applications/Neo4j Community Edition 3.1.1.app/Contents/Resources/app/bin
2017-02-24 18:12:50.210+0000 INFO  [o.n.k.i.DiagnosticsManager] i4j.ownBundlePath = /Applications/Neo4j Community Edition 3.1.1.app
2017-02-24 18:12:50.210+0000 INFO  [o.n.k.i.DiagnosticsManager] sun.jnu.encoding = UTF-8
2017-02-24 18:12:50.210+0000 INFO  [o.n.k.i.DiagnosticsManager] sun.nio.ch.bugLevel = 
2017-02-24 18:12:50.210+0000 INFO  [o.n.k.i.DiagnosticsManager] unsupported.dbms.udc.source = desktop
2017-02-24 18:12:50.210+0000 INFO  [o.n.k.i.DiagnosticsManager] sun.awt.enableExtraMouseButtons = true
2017-02-24 18:12:50.210+0000 INFO  [o.n.k.i.DiagnosticsManager] install4j.launcherId = 24
2017-02-24 18:12:50.210+0000 INFO  [o.n.k.i.DiagnosticsManager] sun.management.compiler = HotSpot 64-Bit Tiered Compilers
2017-02-24 18:12:50.210+0000 INFO  [o.n.k.i.DiagnosticsManager] install4j.swt = false
2017-02-24 18:12:50.210+0000 INFO  [o.n.k.i.DiagnosticsManager] apple.awt.fileDialogForDirectories = false
2017-02-24 18:12:50.210+0000 INFO  [o.n.k.i.DiagnosticsManager] http.nonProxyHosts = local|*.local|169.254/16|*.169.254/16
2017-02-24 18:12:50.210+0000 INFO  [o.n.k.i.DiagnosticsManager] user.home = /Users/college
2017-02-24 18:12:50.210+0000 INFO  [o.n.k.i.DiagnosticsManager] user.timezone = Europe/Dublin
2017-02-24 18:12:50.210+0000 INFO  [o.n.k.i.DiagnosticsManager] file.encoding = UTF-8
2017-02-24 18:12:50.210+0000 INFO  [o.n.k.i.DiagnosticsManager] user.name = college
2017-02-24 18:12:50.210+0000 INFO  [o.n.k.i.DiagnosticsManager] sun.java.command = com.install4j.runtime.launcher.MacLauncher
2017-02-24 18:12:50.210+0000 INFO  [o.n.k.i.DiagnosticsManager] sun.arch.data.model = 64
2017-02-24 18:12:50.210+0000 INFO  [o.n.k.i.DiagnosticsManager] user.language = en
2017-02-24 18:12:50.210+0000 INFO  [o.n.k.i.DiagnosticsManager] awt.toolkit = sun.lwawt.macosx.LWCToolkit
2017-02-24 18:12:50.210+0000 INFO  [o.n.k.i.DiagnosticsManager] install4j.appDir = /Applications/Neo4j Community Edition 3.1.1.app/Contents/Resources/app/
2017-02-24 18:12:50.210+0000 INFO  [o.n.k.i.DiagnosticsManager] file.separator = /
2017-02-24 18:12:50.210+0000 INFO  [o.n.k.i.DiagnosticsManager] sun.font.fontmanager = sun.font.CFontManager
2017-02-24 18:12:50.210+0000 INFO  [o.n.k.i.DiagnosticsManager] sun.io.unicode.encoding = UnicodeBig
2017-02-24 18:12:50.210+0000 INFO  [o.n.k.i.DiagnosticsManager] sun.cpu.endian = little
2017-02-24 18:12:50.210+0000 INFO  [o.n.k.i.DiagnosticsManager] socksNonProxyHosts = local|*.local|169.254/16|*.169.254/16
2017-02-24 18:12:50.210+0000 INFO  [o.n.k.i.DiagnosticsManager] ftp.nonProxyHosts = local|*.local|169.254/16|*.169.254/16
2017-02-24 18:12:50.210+0000 INFO  [o.n.k.i.DiagnosticsManager] sun.cpu.isalist = 
2017-02-24 18:12:50.211+0000 INFO  [o.n.k.i.DiagnosticsManager] Network information:
2017-02-24 18:12:50.212+0000 INFO  [o.n.k.i.DiagnosticsManager] Interface utun1:
2017-02-24 18:12:50.212+0000 INFO  [o.n.k.i.DiagnosticsManager]     address: fe80:0:0:0:a37:d7e1:6d71:99f9%utun1
2017-02-24 18:12:50.212+0000 INFO  [o.n.k.i.DiagnosticsManager] Interface utun0:
2017-02-24 18:12:50.212+0000 INFO  [o.n.k.i.DiagnosticsManager]     address: fe80:0:0:0:ed75:6217:9d64:c712%utun0
2017-02-24 18:12:50.212+0000 INFO  [o.n.k.i.DiagnosticsManager] Interface awdl0:
2017-02-24 18:12:50.212+0000 INFO  [o.n.k.i.DiagnosticsManager]     address: fe80:0:0:0:e037:aaff:fe3c:89c3%awdl0
2017-02-24 18:12:50.212+0000 INFO  [o.n.k.i.DiagnosticsManager] Interface en0:
2017-02-24 18:12:50.212+0000 INFO  [o.n.k.i.DiagnosticsManager]     address: fe80:0:0:0:18c8:d525:e952:a2b2%en0
2017-02-24 18:12:50.212+0000 INFO  [o.n.k.i.DiagnosticsManager]     address: 192.168.1.2
2017-02-24 18:12:50.212+0000 INFO  [o.n.k.i.DiagnosticsManager] Interface lo0:
2017-02-24 18:12:50.212+0000 INFO  [o.n.k.i.DiagnosticsManager]     address: fe80:0:0:0:0:0:0:1%lo0
2017-02-24 18:12:50.212+0000 INFO  [o.n.k.i.DiagnosticsManager]     address: 0:0:0:0:0:0:0:1
2017-02-24 18:12:50.212+0000 INFO  [o.n.k.i.DiagnosticsManager]     address: 127.0.0.1
2017-02-24 18:12:50.212+0000 INFO  [o.n.k.i.DiagnosticsManager] --- INITIALIZED diagnostics END ---
2017-02-24 18:12:50.225+0000 INFO  [o.n.b.v.r.WorkerFactory] Bolt Server extension loaded.
2017-02-24 18:12:50.226+0000 INFO  [o.n.b.v.r.WorkerFactory] Bolt enabled on localhost:7687.
2017-02-24 18:12:50.230+0000 INFO  [o.n.k.i.s.f.RecordFormatSelector] Selected format 'RecordFormat:StandardV3_0[v0.A.7]' for the new store
2017-02-24 18:12:50.270+0000 INFO  [o.n.k.a.i.l.LuceneLabelScanStore] No lucene scan store index found, this might just be first use. Preparing to rebuild.
2017-02-24 18:12:50.275+0000 INFO  [o.n.k.NeoStoreDataSource] Opened logical log [/Users/college/gitProjects/Graph-Theory/Project/GMIT-Neo4j-GraphDB/neostore.transaction.db.0] version=0, lastTxId=1 (clean)
2017-02-24 18:12:50.277+0000 WARN  [o.n.k.i.s.MetaDataStore] Missing counts store, rebuilding it.
2017-02-24 18:12:50.379+0000 INFO  [o.n.k.a.i.l.LuceneLabelScanStore] Rebuilding lucene scan store, this may take a while
2017-02-24 18:12:50.395+0000 INFO  [o.n.k.a.i.l.LuceneLabelScanStore] Lucene scan store rebuilt (roughly 0 nodes)
2017-02-24 18:12:50.395+0000 INFO  [o.n.k.i.DatabaseHealth] Database health set to OK
2017-02-24 18:12:50.408+0000 INFO  [o.n.k.AvailabilityGuard] Fulfilling of requirement makes database available: Database available
2017-02-24 18:12:50.409+0000 INFO  [o.n.k.i.f.GraphDatabaseFacadeFactory] Database is now ready
2017-02-24 18:12:50.409+0000 INFO  [o.n.k.i.DiagnosticsManager] --- STARTED diagnostics for KernelDiagnostics:Versions START ---
2017-02-24 18:12:50.409+0000 INFO  [o.n.k.i.DiagnosticsManager] Graph Database: community single StoreId{creationTime=1487959970266, randomId=-83477876221654128, storeVersion=15531981201765894, upgradeTime=1487959970266, upgradeId=1}
2017-02-24 18:12:50.409+0000 INFO  [o.n.k.i.DiagnosticsManager] Kernel version: 3.1.1
2017-02-24 18:12:50.409+0000 INFO  [o.n.k.i.DiagnosticsManager] --- STARTED diagnostics for KernelDiagnostics:Versions END ---
2017-02-24 18:12:50.409+0000 INFO  [o.n.k.i.DiagnosticsManager] --- STARTED diagnostics for NEO_STORE_VERSIONS START ---
2017-02-24 18:12:50.409+0000 INFO  [o.n.k.i.DiagnosticsManager] Store versions:
2017-02-24 18:12:50.409+0000 INFO  [o.n.k.i.DiagnosticsManager] Store versions:
2017-02-24 18:12:50.409+0000 INFO  [o.n.k.i.DiagnosticsManager]   ArrayPropertyStore v0.A.7
2017-02-24 18:12:50.409+0000 INFO  [o.n.k.i.DiagnosticsManager]   NodeStore v0.A.7
2017-02-24 18:12:50.409+0000 INFO  [o.n.k.i.DiagnosticsManager]   StringPropertyStore v0.A.7
2017-02-24 18:12:50.409+0000 INFO  [o.n.k.i.DiagnosticsManager]   PropertyIndexStore v0.A.7
2017-02-24 18:12:50.409+0000 INFO  [o.n.k.i.DiagnosticsManager]   StringPropertyStore v0.A.7
2017-02-24 18:12:50.409+0000 INFO  [o.n.k.i.DiagnosticsManager]   ArrayPropertyStore v0.A.7
2017-02-24 18:12:50.409+0000 INFO  [o.n.k.i.DiagnosticsManager]   PropertyStore v0.A.7
2017-02-24 18:12:50.409+0000 INFO  [o.n.k.i.DiagnosticsManager]   RelationshipStore v0.A.7
2017-02-24 18:12:50.409+0000 INFO  [o.n.k.i.DiagnosticsManager]   StringPropertyStore v0.A.7
2017-02-24 18:12:50.409+0000 INFO  [o.n.k.i.DiagnosticsManager]   RelationshipTypeStore v0.A.7
2017-02-24 18:12:50.409+0000 INFO  [o.n.k.i.DiagnosticsManager]   StringPropertyStore v0.A.7
2017-02-24 18:12:50.409+0000 INFO  [o.n.k.i.DiagnosticsManager]   LabelTokenStore v0.A.7
2017-02-24 18:12:50.409+0000 INFO  [o.n.k.i.DiagnosticsManager]   SchemaStore v0.A.7
2017-02-24 18:12:50.409+0000 INFO  [o.n.k.i.DiagnosticsManager]   RelationshipGroupStore v0.A.7
2017-02-24 18:12:50.409+0000 INFO  [o.n.k.i.DiagnosticsManager]   NeoStore v0.A.7
2017-02-24 18:12:50.409+0000 INFO  [o.n.k.i.DiagnosticsManager] --- STARTED diagnostics for NEO_STORE_VERSIONS END ---
2017-02-24 18:12:50.409+0000 INFO  [o.n.k.i.DiagnosticsManager] --- STARTED diagnostics for NEO_STORE_ID_USAGE START ---
2017-02-24 18:12:50.409+0000 INFO  [o.n.k.i.DiagnosticsManager] Id usage:
2017-02-24 18:12:50.409+0000 INFO  [o.n.k.i.DiagnosticsManager] Id usage:
2017-02-24 18:12:50.409+0000 INFO  [o.n.k.i.DiagnosticsManager]   ArrayPropertyStore: used=1 high=0
2017-02-24 18:12:50.409+0000 INFO  [o.n.k.i.DiagnosticsManager]   NodeStore: used=0 high=-1
2017-02-24 18:12:50.409+0000 INFO  [o.n.k.i.DiagnosticsManager]   StringPropertyStore: used=1 high=0
2017-02-24 18:12:50.409+0000 INFO  [o.n.k.i.DiagnosticsManager]   PropertyIndexStore: used=0 high=-1
2017-02-24 18:12:50.409+0000 INFO  [o.n.k.i.DiagnosticsManager]   StringPropertyStore: used=1 high=0
2017-02-24 18:12:50.409+0000 INFO  [o.n.k.i.DiagnosticsManager]   ArrayPropertyStore: used=1 high=0
2017-02-24 18:12:50.409+0000 INFO  [o.n.k.i.DiagnosticsManager]   PropertyStore: used=0 high=-1
2017-02-24 18:12:50.409+0000 INFO  [o.n.k.i.DiagnosticsManager]   RelationshipStore: used=0 high=-1
2017-02-24 18:12:50.410+0000 INFO  [o.n.k.i.DiagnosticsManager]   StringPropertyStore: used=1 high=0
2017-02-24 18:12:50.410+0000 INFO  [o.n.k.i.DiagnosticsManager]   RelationshipTypeStore: used=0 high=-1
2017-02-24 18:12:50.410+0000 INFO  [o.n.k.i.DiagnosticsManager]   StringPropertyStore: used=1 high=0
2017-02-24 18:12:50.410+0000 INFO  [o.n.k.i.DiagnosticsManager]   LabelTokenStore: used=0 high=-1
2017-02-24 18:12:50.410+0000 INFO  [o.n.k.i.DiagnosticsManager]   SchemaStore: used=1 high=0
2017-02-24 18:12:50.410+0000 INFO  [o.n.k.i.DiagnosticsManager]   RelationshipGroupStore: used=1 high=0
2017-02-24 18:12:50.410+0000 INFO  [o.n.k.i.DiagnosticsManager]   NeoStore: used=15 high=14
2017-02-24 18:12:50.410+0000 INFO  [o.n.k.i.DiagnosticsManager] --- STARTED diagnostics for NEO_STORE_ID_USAGE END ---
2017-02-24 18:12:50.410+0000 INFO  [o.n.k.i.DiagnosticsManager] --- STARTED diagnostics for NEO_STORE_RECORDS START ---
2017-02-24 18:12:50.410+0000 INFO  [o.n.k.i.DiagnosticsManager] Neostore records:
2017-02-24 18:12:50.410+0000 INFO  [o.n.k.i.DiagnosticsManager] TIME (Creation time): 1487959970266
2017-02-24 18:12:50.410+0000 INFO  [o.n.k.i.DiagnosticsManager] RANDOM_NUMBER (Random number for store id): -83477876221654128
2017-02-24 18:12:50.410+0000 INFO  [o.n.k.i.DiagnosticsManager] LOG_VERSION (Current log version): 0
2017-02-24 18:12:50.410+0000 INFO  [o.n.k.i.DiagnosticsManager] LAST_TRANSACTION_ID (Last committed transaction): 1
2017-02-24 18:12:50.410+0000 INFO  [o.n.k.i.DiagnosticsManager] STORE_VERSION (Store format version): 15531981201765894
2017-02-24 18:12:50.410+0000 INFO  [o.n.k.i.DiagnosticsManager] FIRST_GRAPH_PROPERTY (First property record containing graph properties): -1
2017-02-24 18:12:50.410+0000 INFO  [o.n.k.i.DiagnosticsManager] LAST_CONSTRAINT_TRANSACTION (Last committed transaction containing constraint changes): 0
2017-02-24 18:12:50.410+0000 INFO  [o.n.k.i.DiagnosticsManager] UPGRADE_TRANSACTION_ID (Transaction id most recent upgrade was performed at): 1
2017-02-24 18:12:50.410+0000 INFO  [o.n.k.i.DiagnosticsManager] UPGRADE_TIME (Time of last upgrade): 1487959970266
2017-02-24 18:12:50.410+0000 INFO  [o.n.k.i.DiagnosticsManager] LAST_TRANSACTION_CHECKSUM (Checksum of last committed transaction): 0
2017-02-24 18:12:50.410+0000 INFO  [o.n.k.i.DiagnosticsManager] UPGRADE_TRANSACTION_CHECKSUM (Checksum of transaction id the most recent upgrade was performed at): 0
2017-02-24 18:12:50.410+0000 INFO  [o.n.k.i.DiagnosticsManager] LAST_CLOSED_TRANSACTION_LOG_VERSION (Log version where the last transaction commit entry has been written into): 0
2017-02-24 18:12:50.410+0000 INFO  [o.n.k.i.DiagnosticsManager] LAST_CLOSED_TRANSACTION_LOG_BYTE_OFFSET (Byte offset in the log file where the last transaction commit entry has been written into): 16
2017-02-24 18:12:50.410+0000 INFO  [o.n.k.i.DiagnosticsManager] LAST_TRANSACTION_COMMIT_TIMESTAMP (Commit time timestamp for last committed transaction): 0
2017-02-24 18:12:50.410+0000 INFO  [o.n.k.i.DiagnosticsManager] UPGRADE_TRANSACTION_COMMIT_TIMESTAMP (Commit timestamp of transaction the most recent upgrade was performed at): 0
2017-02-24 18:12:50.410+0000 INFO  [o.n.k.i.DiagnosticsManager] --- STARTED diagnostics for NEO_STORE_RECORDS END ---
2017-02-24 18:12:50.410+0000 INFO  [o.n.k.i.DiagnosticsManager] --- STARTED diagnostics for TRANSACTION_RANGE START ---
2017-02-24 18:12:50.410+0000 INFO  [o.n.k.i.DiagnosticsManager] Transaction log:
2017-02-24 18:12:50.411+0000 INFO  [o.n.k.i.DiagnosticsManager] No transactions found in any log
2017-02-24 18:12:50.411+0000 INFO  [o.n.k.i.DiagnosticsManager] --- STARTED diagnostics for TRANSACTION_RANGE END ---
2017-02-24 18:12:50.411+0000 INFO  [o.n.k.i.DiagnosticsManager] --- STARTED diagnostics for KernelDiagnostics:StoreFiles START ---
2017-02-24 18:12:50.411+0000 INFO  [o.n.k.i.DiagnosticsManager] Disk space on partition (Total / Free / Free %): 144000000000 / 12960456704 / 9
Storage files: (filename : modification date - size)
2017-02-24 18:12:50.411+0000 INFO  [o.n.k.i.DiagnosticsManager]   certificates:
2017-02-24 18:12:50.412+0000 INFO  [o.n.k.i.DiagnosticsManager]     neo4j.cert: 2017-02-24T18:12:50+0000 - 985.00 B
2017-02-24 18:12:50.412+0000 INFO  [o.n.k.i.DiagnosticsManager]     neo4j.key: 2017-02-24T18:12:50+0000 - 1.66 kB
2017-02-24 18:12:50.412+0000 INFO  [o.n.k.i.DiagnosticsManager]   - Total: 2017-02-24T18:12:50+0000 - 2.63 kB
2017-02-24 18:12:50.412+0000 INFO  [o.n.k.i.DiagnosticsManager]   data:
2017-02-24 18:12:50.412+0000 INFO  [o.n.k.i.DiagnosticsManager]     dbms:
2017-02-24 18:12:50.412+0000 INFO  [o.n.k.i.DiagnosticsManager]       auth: 2017-02-24T18:12:50+0000 - 137.00 B
2017-02-24 18:12:50.412+0000 INFO  [o.n.k.i.DiagnosticsManager]     - Total: 2017-02-24T18:12:50+0000 - 137.00 B
2017-02-24 18:12:50.413+0000 INFO  [o.n.k.i.DiagnosticsManager]   - Total: 2017-02-24T18:12:50+0000 - 137.00 B
2017-02-24 18:12:50.413+0000 INFO  [o.n.k.i.DiagnosticsManager]   index:
2017-02-24 18:12:50.413+0000 INFO  [o.n.k.i.DiagnosticsManager]   - Total: 2017-02-24T18:12:50+0000 - 0.00 B
2017-02-24 18:12:50.413+0000 INFO  [o.n.k.i.DiagnosticsManager]   logs:
2017-02-24 18:12:50.413+0000 INFO  [o.n.k.i.DiagnosticsManager]     debug.log: 2017-02-24T18:12:50+0000 - 28.18 kB
2017-02-24 18:12:50.414+0000 INFO  [o.n.k.i.DiagnosticsManager]   - Total: 2017-02-24T18:12:50+0000 - 28.18 kB
2017-02-24 18:12:50.414+0000 INFO  [o.n.k.i.DiagnosticsManager]   neostore: 2017-02-24T18:12:50+0000 - 8.00 kB
2017-02-24 18:12:50.414+0000 INFO  [o.n.k.i.DiagnosticsManager]   neostore.counts.db.a: 2017-02-24T18:12:50+0000 - 96.00 B
2017-02-24 18:12:50.414+0000 INFO  [o.n.k.i.DiagnosticsManager]   neostore.id: 2017-02-24T18:12:50+0000 - 9.00 B
2017-02-24 18:12:50.414+0000 INFO  [o.n.k.i.DiagnosticsManager]   neostore.labeltokenstore.db: 2017-02-24T18:12:50+0000 - 0.00 B
2017-02-24 18:12:50.414+0000 INFO  [o.n.k.i.DiagnosticsManager]   neostore.labeltokenstore.db.id: 2017-02-24T18:12:50+0000 - 9.00 B
2017-02-24 18:12:50.414+0000 INFO  [o.n.k.i.DiagnosticsManager]   neostore.labeltokenstore.db.names: 2017-02-24T18:12:50+0000 - 8.00 kB
2017-02-24 18:12:50.415+0000 INFO  [o.n.k.i.DiagnosticsManager]   neostore.labeltokenstore.db.names.id: 2017-02-24T18:12:50+0000 - 9.00 B
2017-02-24 18:12:50.415+0000 INFO  [o.n.k.i.DiagnosticsManager]   neostore.nodestore.db: 2017-02-24T18:12:50+0000 - 0.00 B
2017-02-24 18:12:50.415+0000 INFO  [o.n.k.i.DiagnosticsManager]   neostore.nodestore.db.id: 2017-02-24T18:12:50+0000 - 9.00 B
2017-02-24 18:12:50.415+0000 INFO  [o.n.k.i.DiagnosticsManager]   neostore.nodestore.db.labels: 2017-02-24T18:12:50+0000 - 8.00 kB
2017-02-24 18:12:50.415+0000 INFO  [o.n.k.i.DiagnosticsManager]   neostore.nodestore.db.labels.id: 2017-02-24T18:12:50+0000 - 9.00 B
2017-02-24 18:12:50.415+0000 INFO  [o.n.k.i.DiagnosticsManager]   neostore.propertystore.db: 2017-02-24T18:12:50+0000 - 0.00 B
2017-02-24 18:12:50.415+0000 INFO  [o.n.k.i.DiagnosticsManager]   neostore.propertystore.db.arrays: 2017-02-24T18:12:50+0000 - 8.00 kB
2017-02-24 18:12:50.415+0000 INFO  [o.n.k.i.DiagnosticsManager]   neostore.propertystore.db.arrays.id: 2017-02-24T18:12:50+0000 - 9.00 B
2017-02-24 18:12:50.416+0000 INFO  [o.n.k.i.DiagnosticsManager]   neostore.propertystore.db.id: 2017-02-24T18:12:50+0000 - 9.00 B
2017-02-24 18:12:50.416+0000 INFO  [o.n.k.i.DiagnosticsManager]   neostore.propertystore.db.index: 2017-02-24T18:12:50+0000 - 0.00 B
2017-02-24 18:12:50.416+0000 INFO  [o.n.k.i.DiagnosticsManager]   neostore.propertystore.db.index.id: 2017-02-24T18:12:50+0000 - 9.00 B
2017-02-24 18:12:50.416+0000 INFO  [o.n.k.i.DiagnosticsManager]   neostore.propertystore.db.index.keys: 2017-02-24T18:12:50+0000 - 8.00 kB
2017-02-24 18:12:50.416+0000 INFO  [o.n.k.i.DiagnosticsManager]   neostore.propertystore.db.index.keys.id: 2017-02-24T18:12:50+0000 - 9.00 B
2017-02-24 18:12:50.416+0000 INFO  [o.n.k.i.DiagnosticsManager]   neostore.propertystore.db.strings: 2017-02-24T18:12:50+0000 - 8.00 kB
2017-02-24 18:12:50.416+0000 INFO  [o.n.k.i.DiagnosticsManager]   neostore.propertystore.db.strings.id: 2017-02-24T18:12:50+0000 - 9.00 B
2017-02-24 18:12:50.416+0000 INFO  [o.n.k.i.DiagnosticsManager]   neostore.relationshipgroupstore.db: 2017-02-24T18:12:50+0000 - 8.00 kB
2017-02-24 18:12:50.416+0000 INFO  [o.n.k.i.DiagnosticsManager]   neostore.relationshipgroupstore.db.id: 2017-02-24T18:12:50+0000 - 9.00 B
2017-02-24 18:12:50.416+0000 INFO  [o.n.k.i.DiagnosticsManager]   neostore.relationshipstore.db: 2017-02-24T18:12:50+0000 - 0.00 B
2017-02-24 18:12:50.417+0000 INFO  [o.n.k.i.DiagnosticsManager]   neostore.relationshipstore.db.id: 2017-02-24T18:12:50+0000 - 9.00 B
2017-02-24 18:12:50.417+0000 INFO  [o.n.k.i.DiagnosticsManager]   neostore.relationshiptypestore.db: 2017-02-24T18:12:50+0000 - 0.00 B
2017-02-24 18:12:50.417+0000 INFO  [o.n.k.i.DiagnosticsManager]   neostore.relationshiptypestore.db.id: 2017-02-24T18:12:50+0000 - 9.00 B
2017-02-24 18:12:50.417+0000 INFO  [o.n.k.i.DiagnosticsManager]   neostore.relationshiptypestore.db.names: 2017-02-24T18:12:50+0000 - 8.00 kB
2017-02-24 18:12:50.417+0000 INFO  [o.n.k.i.DiagnosticsManager]   neostore.relationshiptypestore.db.names.id: 2017-02-24T18:12:50+0000 - 9.00 B
2017-02-24 18:12:50.417+0000 INFO  [o.n.k.i.DiagnosticsManager]   neostore.schemastore.db: 2017-02-24T18:12:50+0000 - 8.00 kB
2017-02-24 18:12:50.417+0000 INFO  [o.n.k.i.DiagnosticsManager]   neostore.schemastore.db.id: 2017-02-24T18:12:50+0000 - 9.00 B
2017-02-24 18:12:50.417+0000 INFO  [o.n.k.i.DiagnosticsManager]   neostore.transaction.db.0: 2017-02-24T18:12:50+0000 - 16.00 B
2017-02-24 18:12:50.417+0000 INFO  [o.n.k.i.DiagnosticsManager]   schema:
2017-02-24 18:12:50.418+0000 INFO  [o.n.k.i.DiagnosticsManager]     label:
2017-02-24 18:12:50.418+0000 INFO  [o.n.k.i.DiagnosticsManager]       lucene:
2017-02-24 18:12:50.418+0000 INFO  [o.n.k.i.DiagnosticsManager]         labelStore:
2017-02-24 18:12:50.418+0000 INFO  [o.n.k.i.DiagnosticsManager]           1:
2017-02-24 18:12:50.418+0000 INFO  [o.n.k.i.DiagnosticsManager]             write.lock: 2017-02-24T18:12:50+0000 - 0.00 B
2017-02-24 18:12:50.419+0000 INFO  [o.n.k.i.DiagnosticsManager]           - Total: 2017-02-24T18:12:50+0000 - 0.00 B
2017-02-24 18:12:50.419+0000 INFO  [o.n.k.i.DiagnosticsManager]           failure-message: 2017-02-24T18:12:50+0000 - 16.00 kB
2017-02-24 18:12:50.419+0000 INFO  [o.n.k.i.DiagnosticsManager]         - Total: 2017-02-24T18:12:50+0000 - 16.00 kB
2017-02-24 18:12:50.419+0000 INFO  [o.n.k.i.DiagnosticsManager]       - Total: 2017-02-24T18:12:50+0000 - 16.00 kB
2017-02-24 18:12:50.419+0000 INFO  [o.n.k.i.DiagnosticsManager]     - Total: 2017-02-24T18:12:50+0000 - 16.00 kB
2017-02-24 18:12:50.419+0000 INFO  [o.n.k.i.DiagnosticsManager]   - Total: 2017-02-24T18:12:50+0000 - 16.00 kB
2017-02-24 18:12:50.420+0000 INFO  [o.n.k.i.DiagnosticsManager]   store_lock: 2017-02-24T18:12:50+0000 - 0.00 B
2017-02-24 18:12:50.420+0000 INFO  [o.n.k.i.DiagnosticsManager] --- STARTED diagnostics for KernelDiagnostics:StoreFiles END ---
2017-02-24 18:12:50.450+0000 INFO  [o.n.k.i.DiagnosticsManager] --- SERVER STARTED START ---
2017-02-24 18:12:51.105+0000 INFO  [o.n.k.i.DiagnosticsManager] --- SERVER STARTED END ---
2017-02-24 18:13:52.782+0000 WARN  [o.n.k.i.c.MonitorGc] GC Monitor: Application threads blocked for 552ms.
2017-02-24 18:13:56.218+0000 WARN  [o.n.k.i.c.MonitorGc] GC Monitor: Application threads blocked for 3334ms.
2017-02-24 18:13:57.492+0000 WARN  [o.n.k.i.c.MonitorGc] GC Monitor: Application threads blocked for 1173ms.
2017-02-24 18:13:58.752+0000 WARN  [o.n.k.i.c.MonitorGc] GC Monitor: Application threads blocked for 1158ms.
2017-02-24 18:14:00.312+0000 WARN  [o.n.k.i.c.MonitorGc] GC Monitor: Application threads blocked for 1460ms.
2017-02-24 18:14:01.122+0000 WARN  [o.n.k.i.c.MonitorGc] GC Monitor: Application threads blocked for 709ms.
2017-02-24 18:14:03.087+0000 WARN  [o.n.k.i.c.MonitorGc] GC Monitor: Application threads blocked for 1864ms.
2017-02-24 18:14:04.213+0000 WARN  [o.n.k.i.c.MonitorGc] GC Monitor: Application threads blocked for 924ms.
2017-02-24 18:14:11.698+0000 WARN  [o.n.k.i.c.MonitorGc] GC Monitor: Application threads blocked for 7384ms.
2017-02-24 18:14:19.199+0000 WARN  [o.n.k.i.c.MonitorGc] GC Monitor: Application threads blocked for 7400ms.
